\BOOKMARK [1][-]{section.1}{\376\377\225\213\166\172\200\005\124\021\060\121\116\325\151\330\146\370}{}% 1
\BOOKMARK [2][-]{subsection.1.1}{\376\377\142\200\210\123\060\271\060\277\060\303\060\257\060\150\151\313\142\020}{section.1}% 2
\BOOKMARK [1][-]{section.2}{\376\377\121\161\220\032\212\055\212\010\116\325\151\330}{}% 3
\BOOKMARK [2][-]{subsection.2.1}{\376\377\060\332\060\374\060\270\151\313\220\040\060\156\154\172\133\232}{section.2}% 4
\BOOKMARK [2][-]{subsection.2.2}{\376\377\060\332\060\374\060\270\220\167\171\373\060\150\121\346\164\006\060\156\155\101\060\214}{section.2}% 5
\BOOKMARK [1][-]{section.3}{\376\377\124\004\060\265\060\326\060\267\060\271\060\306\060\340\060\156\212\163\175\060\212\055\212\010}{}% 6
\BOOKMARK [2][-]{subsection.3.1}{\376\377\060\267\060\271\060\306\060\340\0001\377\032\060\311\060\351\060\110\060\202\060\223\146\040\165\073\116\000\211\247\060\267\060\271\060\306\060\340}{section.3}% 7
\BOOKMARK [2][-]{subsection.3.2}{\376\377\060\267\060\271\060\306\060\340\0002\377\032\124\150\147\037\210\150\121\103\175\040\116\000\211\247\060\267\060\271\060\306\060\340}{section.3}% 8
\BOOKMARK [2][-]{subsection.3.3}{\376\377\060\267\060\271\060\306\060\340\0003\377\032\000F\000E\230\250\202\261\226\352\147\010\000\040\153\146\126\150\116\000\211\247\060\267\060\271\060\306\060\340}{section.3}% 9
\BOOKMARK [1][-]{section.4}{\376\377\000U\000I\000/\060\307\060\266\060\244\060\363\212\055\212\010\145\271\221\335}{}% 10
\BOOKMARK [2][-]{subsection.4.1}{\376\377\060\271\060\277\060\244\060\353\060\267\060\374\060\310\060\156\121\161\220\032\123\026}{section.4}% 11
\BOOKMARK [2][-]{subsection.4.2}{\376\377\221\115\202\162\060\156\060\353\060\374\060\353}{section.4}% 12
\BOOKMARK [1][-]{section.5}{\376\377\133\237\210\305\116\012\060\156\135\345\131\053\060\150\133\211\121\150\140\047}{}% 13
\BOOKMARK [1][-]{section.6}{\376\377\173\241\164\006\200\005\124\021\060\121\116\325\151\330\146\370}{}% 14
\BOOKMARK [2][-]{subsection.6.1}{\376\377\060\275\060\374\060\271\060\263\060\374\060\311\060\156\121\145\142\113\060\150\164\260\130\203\151\313\173\311}{section.6}% 15
\BOOKMARK [2][-]{subsection.6.2}{\376\377\060\267\060\271\060\306\060\340\060\156\215\167\122\325\060\150\175\102\116\206}{section.6}% 16
\BOOKMARK [2][-]{subsection.6.3}{\376\377\060\310\060\351\060\326\060\353\060\267\060\345\060\374\060\306\060\243\060\363\060\260}{section.6}% 17
\BOOKMARK [2][-]{subsection.6.4}{\376\377\060\267\060\271\060\306\060\340\060\156\122\066\175\004\116\213\230\005\060\150\145\342\167\345\060\156\212\262\230\114}{section.6}% 18
\BOOKMARK [1][-]{section.7}{\376\377\122\051\165\050\200\005\124\021\060\121\116\325\151\330\146\370}{}% 19
\BOOKMARK [2][-]{subsection.7.1}{\376\377\060\267\060\271\060\306\060\340\060\170\060\156\060\242\060\257\060\273\060\271}{section.7}% 20
\BOOKMARK [2][-]{subsection.7.2}{\376\377\060\307\060\374\060\277\060\156\225\262\211\247}{section.7}% 21
\BOOKMARK [2][-]{subsection.7.3}{\376\377\060\307\060\374\060\277\060\156\173\241\164\006\377\010\217\375\122\240\060\373\175\350\226\306\060\373\122\112\226\144\377\011}{section.7}% 22
